# JRE version: Java(TM) SE Runtime Environment (20.0.2+9) (build 20.0.2+9-78)
# Java VM: Java HotSpot(TM) 64-Bit Server VM (20.0.2+9-78, mixed mode, sharing, tiered, compressed oops, compressed class ptrs, g1 gc, windows-amd64)
GC Precious Log:
 CardTable entry size: 512
 Card Set container configuration: InlinePtr #cards 5 size 8 Array Of Cards #cards 12 size 40 Howl #buckets 4 coarsen threshold 1843 Howl Bitmap #cards 512 size 80 coarsen threshold 460 Card regions per heap region 1 cards per card region 2048
 CPUs: 12 total, 12 available
 Memory: 7830M
 Large Page Support: Disabled
 NUMA Support: Disabled
 Compressed Oops: Enabled (32-bit)
 Heap Region Size: 1M
 Heap Min Capacity: 8M
 Heap Initial Capacity: 124M
 Heap Max Capacity: 1958M
 Pre-touch: Disabled
 Parallel Workers: 10
 Concurrent Workers: 3
 Concurrent Refinement Workers: 10
 Periodic GC: Disabled
Heap:
 garbage-first heap   total 179200K, used 129529K [0x0000000085a00000, 0x0000000100000000)
  region size 1024K, 20 young (20480K), 1 survivors (1024K)
 Metaspace       used 7697K, committed 7936K, reserved 1114112K
  class space    used 781K, committed 896K, reserved 1048576K
GC Heap History (8 events):
Event: 0.651 GC heap before
{Heap before GC invocations=0 (full 0):
 garbage-first heap   total 126976K, used 38912K [0x0000000085a00000, 0x0000000100000000)
  region size 1024K, 23 young (23552K), 0 survivors (0K)
 Metaspace       used 5039K, committed 5312K, reserved 1114112K
  class space    used 521K, committed 640K, reserved 1048576K
}
Event: 0.656 GC heap after
{Heap after GC invocations=1 (full 0):
 garbage-first heap   total 126976K, used 21040K [0x0000000085a00000, 0x0000000100000000)
  region size 1024K, 3 young (3072K), 3 survivors (3072K)
 Metaspace       used 5039K, committed 5312K, reserved 1114112K
  class space    used 521K, committed 640K, reserved 1048576K
}
Event: 10.327 GC heap before
{Heap before GC invocations=1 (full 0):
 garbage-first heap   total 126976K, used 71216K [0x0000000085a00000, 0x0000000100000000)
  region size 1024K, 28 young (28672K), 3 survivors (3072K)
 Metaspace       used 7460K, committed 7744K, reserved 1114112K
  class space    used 778K, committed 896K, reserved 1048576K
}
Event: 10.334 GC heap after
{Heap after GC invocations=2 (full 0):
 garbage-first heap   total 126976K, used 51883K [0x0000000085a00000, 0x0000000100000000)
  region size 1024K, 3 young (3072K), 3 survivors (3072K)
 Metaspace       used 7460K, committed 7744K, reserved 1114112K
  class space    used 778K, committed 896K, reserved 1048576K
}
Event: 10.506 GC heap before
{Heap before GC invocations=2 (full 0):
 garbage-first heap   total 149504K, used 148139K [0x0000000085a00000, 0x0000000100000000)
  region size 1024K, 48 young (49152K), 3 survivors (3072K)
 Metaspace       used 7461K, committed 7744K, reserved 1114112K
  class space    used 778K, committed 896K, reserved 1048576K
}
Event: 10.510 GC heap after
{Heap after GC invocations=3 (full 0):
 garbage-first heap   total 154624K, used 104662K [0x0000000085a00000, 0x0000000100000000)
  region size 1024K, 5 young (5120K), 5 survivors (5120K)
 Metaspace       used 7461K, committed 7744K, reserved 1114112K
  class space    used 778K, committed 896K, reserved 1048576K
}
Event: 10.629 GC heap before
{Heap before GC invocations=3 (full 0):
 garbage-first heap   total 154624K, used 109782K [0x0000000085a00000, 0x0000000100000000)
  region size 1024K, 12 young (12288K), 5 survivors (5120K)
 Metaspace       used 7489K, committed 7744K, reserved 1114112K
  class space    used 778K, committed 896K, reserved 1048576K
}
Event: 10.633 GC heap after
{Heap after GC invocations=4 (full 0):
 garbage-first heap   total 154624K, used 103929K [0x0000000085a00000, 0x0000000100000000)
  region size 1024K, 1 young (1024K), 1 survivors (1024K)
 Metaspace       used 7489K, committed 7744K, reserved 1114112K
  class space    used 778K, committed 896K, reserved 1048576K
}

